<?xml version="1.0" encoding="UTF-8"?>
<!-- Generated by org.testng.reporters.JUnitXMLReporter -->
<testsuite hostname="LAPTOP-QNOC3UCT" name="Default test" tests="3" failures="0" timestamp="29 Jun 2020 17:23:47 GMT" time="0.172" errors="0">
  <testcase name="Method1" time="0.092" classname="Test_Package.TestNGTest"/>
  <testcase name="Method2" time="0.005" classname="Test_Package.TestNGTest"/>
  <testcase name="method3" time="0.002" classname="Test_Package.TestNGTest"/>
</testsuite> <!-- Default test -->
