<?xml version="1.0" encoding="UTF-8"?>
<testng-results skipped="0" failed="0" total="1" passed="1">
  <reporter-output>
  </reporter-output>
  <suite name="Suite" duration-ms="4555" started-at="2020-07-01T11:38:25Z" finished-at="2020-07-01T11:38:30Z">
    <groups>
    </groups>
    <test name="Test" duration-ms="4555" started-at="2020-07-01T11:38:25Z" finished-at="2020-07-01T11:38:30Z">
      <class name="Test_Package.Login_Test">
        <test-method status="PASS" signature="Login()[pri:0, instance:Test_Package.Login_Test@600b90df]" name="Login" duration-ms="4461" started-at="2020-07-01T17:08:25Z" finished-at="2020-07-01T17:08:30Z">
          <reporter-output>
          </reporter-output>
        </test-method> <!-- Login -->
      </class> <!-- Test_Package.Login_Test -->
    </test> <!-- Test -->
  </suite> <!-- Suite -->
</testng-results>
