<?xml version="1.0" encoding="UTF-8"?>
<testng-results skipped="0" failed="0" total="3" passed="3">
  <reporter-output>
  </reporter-output>
  <suite name="Default suite" duration-ms="172" started-at="2020-06-29T17:23:46Z" finished-at="2020-06-29T17:23:46Z">
    <groups>
    </groups>
    <test name="Default test" duration-ms="172" started-at="2020-06-29T17:23:46Z" finished-at="2020-06-29T17:23:46Z">
      <class name="Test_Package.TestNGTest">
        <test-method status="PASS" signature="Method1()[pri:0, instance:Test_Package.TestNGTest@5c3bd550]" name="Method1" duration-ms="92" started-at="2020-06-29T22:53:46Z" finished-at="2020-06-29T22:53:46Z">
          <reporter-output>
          </reporter-output>
        </test-method> <!-- Method1 -->
        <test-method status="PASS" signature="Method2()[pri:0, instance:Test_Package.TestNGTest@5c3bd550]" name="Method2" duration-ms="5" started-at="2020-06-29T22:53:46Z" finished-at="2020-06-29T22:53:46Z">
          <reporter-output>
          </reporter-output>
        </test-method> <!-- Method2 -->
        <test-method status="PASS" signature="method3()[pri:0, instance:Test_Package.TestNGTest@5c3bd550]" name="method3" duration-ms="2" started-at="2020-06-29T22:53:46Z" depends-on-methods="Test_Package.TestNGTest.Method1" finished-at="2020-06-29T22:53:46Z">
          <reporter-output>
          </reporter-output>
        </test-method> <!-- method3 -->
      </class> <!-- Test_Package.TestNGTest -->
    </test> <!-- Default test -->
  </suite> <!-- Default suite -->
</testng-results>
