<?xml version="1.0" encoding="UTF-8"?>
<testng-results skipped="0" failed="0" total="1" passed="1">
  <reporter-output>
  </reporter-output>
  <suite name="Default suite" duration-ms="2547" started-at="2020-07-02T18:23:54Z" finished-at="2020-07-02T18:23:57Z">
    <groups>
    </groups>
    <test name="Default test" duration-ms="2547" started-at="2020-07-02T18:23:54Z" finished-at="2020-07-02T18:23:57Z">
      <class name="Test_Package.DropDownTest">
        <test-method status="PASS" signature="Link()[pri:0, instance:Test_Package.DropDownTest@19835e64]" name="Link" duration-ms="2434" started-at="2020-07-02T23:53:54Z" finished-at="2020-07-02T23:53:57Z">
          <reporter-output>
          </reporter-output>
        </test-method> <!-- Link -->
      </class> <!-- Test_Package.DropDownTest -->
    </test> <!-- Default test -->
  </suite> <!-- Default suite -->
</testng-results>
